[debug] [2022-12-29T09:28:50.000Z] ----------------------------------------------------------------------
[debug] [2022-12-29T09:28:50.004Z] Command:       C:\Program Files\nodejs\node.exe C:\Users\ejer\AppData\Roaming\npm\node_modules\firebase-tools\lib\bin\firebase.js deploy
[debug] [2022-12-29T09:28:50.005Z] CLI Version:   11.19.0
[debug] [2022-12-29T09:28:50.005Z] Platform:      win32
[debug] [2022-12-29T09:28:50.005Z] Node Version:  v16.18.0
[debug] [2022-12-29T09:28:50.009Z] Time:          Thu Dec 29 2022 12:28:50 GMT+0300 (East Africa Time)
[debug] [2022-12-29T09:28:50.009Z] ----------------------------------------------------------------------
[debug] 
[debug] [2022-12-29T09:28:50.212Z] > command requires scopes: ["email","openid","https://www.googleapis.com/auth/cloudplatformprojects.readonly","https://www.googleapis.com/auth/firebase","https://www.googleapis.com/auth/cloud-platform"]
[debug] [2022-12-29T09:28:50.213Z] > authorizing via signed-in user (ssalibenjamin0402@gmail.com)
[debug] [2022-12-29T09:28:50.213Z] [iam] checking project blocksafe-ug for permissions ["firebase.projects.get","firebasehosting.sites.update"]
[debug] [2022-12-29T09:28:50.216Z] > refreshing access token with scopes: []
[debug] [2022-12-29T09:28:50.219Z] >>> [apiv2][query] POST https://www.googleapis.com/oauth2/v3/token [none]
[debug] [2022-12-29T09:28:50.220Z] >>> [apiv2][body] POST https://www.googleapis.com/oauth2/v3/token [omitted]
[debug] [2022-12-29T09:28:50.864Z] <<< [apiv2][status] POST https://www.googleapis.com/oauth2/v3/token 200
[debug] [2022-12-29T09:28:50.864Z] <<< [apiv2][body] POST https://www.googleapis.com/oauth2/v3/token [omitted]
[debug] [2022-12-29T09:28:51.021Z] >>> [apiv2][query] POST https://cloudresourcemanager.googleapis.com/v1/projects/blocksafe-ug:testIamPermissions [none]
[debug] [2022-12-29T09:28:51.022Z] >>> [apiv2][(partial)header] POST https://cloudresourcemanager.googleapis.com/v1/projects/blocksafe-ug:testIamPermissions x-goog-quota-user=projects/blocksafe-ug
[debug] [2022-12-29T09:28:51.022Z] >>> [apiv2][body] POST https://cloudresourcemanager.googleapis.com/v1/projects/blocksafe-ug:testIamPermissions {"permissions":["firebase.projects.get","firebasehosting.sites.update"]}
[debug] [2022-12-29T09:28:52.926Z] <<< [apiv2][status] POST https://cloudresourcemanager.googleapis.com/v1/projects/blocksafe-ug:testIamPermissions 200
[debug] [2022-12-29T09:28:52.926Z] <<< [apiv2][body] POST https://cloudresourcemanager.googleapis.com/v1/projects/blocksafe-ug:testIamPermissions {"permissions":["firebase.projects.get","firebasehosting.sites.update"]}
[debug] [2022-12-29T09:28:52.928Z] >>> [apiv2][query] GET https://firebase.googleapis.com/v1beta1/projects/blocksafe-ug [none]
[debug] [2022-12-29T09:28:53.884Z] <<< [apiv2][status] GET https://firebase.googleapis.com/v1beta1/projects/blocksafe-ug 200
[debug] [2022-12-29T09:28:53.884Z] <<< [apiv2][body] GET https://firebase.googleapis.com/v1beta1/projects/blocksafe-ug {"projectId":"blocksafe-ug","projectNumber":"977895377000","displayName":"blocksafe-ug","name":"projects/blocksafe-ug","resources":{"hostingSite":"blocksafe-ug"},"state":"ACTIVE","etag":"1_16a6c25f-bb9b-4b85-a40a-a7b567d98169"}
[debug] [2022-12-29T09:29:04.898Z] defaultcredentials: writing to file C:\Users\ejer\AppData\Roaming\firebase\ssalibenjamin0402_gmail_com_application_default_credentials.json
[debug] [2022-12-29T09:29:50.539Z] Error: Unable to load next.config.js.
    at getConfig (C:\Users\ejer\AppData\Roaming\npm\node_modules\firebase-tools\lib\frameworks\next\index.js:283:23)
    at async build (C:\Users\ejer\AppData\Roaming\npm\node_modules\firebase-tools\lib\frameworks\next\index.js:55:25)
    at async prepareFrameworks (C:\Users\ejer\AppData\Roaming\npm\node_modules\firebase-tools\lib\frameworks\index.js:246:93)
    at async deploy (C:\Users\ejer\AppData\Roaming\npm\node_modules\firebase-tools\lib\deploy\index.js:53:13)
[error] 
[error] Error: An unexpected error has occurred.
